Using pre-set license
Built from '2021.3/staging' branch; Version is '2021.3.9f1 (ad3870b89536) revision 11352176'; Using compiler version '192829333'; Build Type 'Release'
OS: 'Windows 11  (10.0.22621) 64bit Professional' Language: 'fr' Physical Memory: 16173 MB
BatchMode: 1, IsHumanControllingUs: 0, StartBugReporterOnCrash: 0, Is64bit: 1, IsPro: 1

COMMAND LINE ARGUMENTS:
D:\Unity\2021.3.9f1\Editor\Unity.exe
-adb2
-batchMode
-noUpm
-name
AssetImportWorker0
-projectPath
D:/Github/CashierSim/CashierSim
-logFile
Logs/AssetImportWorker0.log
-srvPort
62963
Successfully changed project path to: D:/Github/CashierSim/CashierSim
D:/Github/CashierSim/CashierSim
[UnityMemory] Configuration Parameters - Can be set up in boot.config
    "memorysetup-bucket-allocator-granularity=16"
    "memorysetup-bucket-allocator-bucket-count=8"
    "memorysetup-bucket-allocator-block-size=33554432"
    "memorysetup-bucket-allocator-block-count=8"
    "memorysetup-main-allocator-block-size=16777216"
    "memorysetup-thread-allocator-block-size=16777216"
    "memorysetup-gfx-main-allocator-block-size=16777216"
    "memorysetup-gfx-thread-allocator-block-size=16777216"
    "memorysetup-cache-allocator-block-size=4194304"
    "memorysetup-typetree-allocator-block-size=2097152"
    "memorysetup-profiler-bucket-allocator-granularity=16"
    "memorysetup-profiler-bucket-allocator-bucket-count=8"
    "memorysetup-profiler-bucket-allocator-block-size=33554432"
    "memorysetup-profiler-bucket-allocator-block-count=8"
    "memorysetup-profiler-allocator-block-size=16777216"
    "memorysetup-profiler-editor-allocator-block-size=1048576"
    "memorysetup-temp-allocator-size-main=16777216"
    "memorysetup-job-temp-allocator-block-size=2097152"
    "memorysetup-job-temp-allocator-block-size-background=1048576"
    "memorysetup-job-temp-allocator-reduction-small-platforms=262144"
    "memorysetup-temp-allocator-size-background-worker=32768"
    "memorysetup-temp-allocator-size-job-worker=262144"
    "memorysetup-temp-allocator-size-preload-manager=33554432"
    "memorysetup-temp-allocator-size-nav-mesh-worker=65536"
    "memorysetup-temp-allocator-size-audio-worker=65536"
    "memorysetup-temp-allocator-size-cloud-worker=32768"
    "memorysetup-temp-allocator-size-gi-baking-worker=262144"
    "memorysetup-temp-allocator-size-gfx=262144"
Refreshing native plugins compatible for Editor in 85.32 ms, found 3 plugins.
Preloading 0 native plugins for Editor in 0.00 ms.
Initialize engine version: 2021.3.9f1 (ad3870b89536)
[Subsystems] Discovering subsystems at path D:/Unity/2021.3.9f1/Editor/Data/Resources/UnitySubsystems
[Subsystems] Discovering subsystems at path D:/Github/CashierSim/CashierSim/Assets
GfxDevice: creating device client; threaded=0; jobified=0
Direct3D:
    Version:  Direct3D 11.0 [level 11.1]
    Renderer: NVIDIA Quadro P620 (ID=0x1cbd)
    Vendor:   NVIDIA
    VRAM:     4022 MB
    Driver:   31.0.15.1740
Initialize mono
Mono path[0] = 'D:/Unity/2021.3.9f1/Editor/Data/Managed'
Mono path[1] = 'D:/Unity/2021.3.9f1/Editor/Data/MonoBleedingEdge/lib/mono/unityjit-win32'
Mono config path = 'D:/Unity/2021.3.9f1/Editor/Data/MonoBleedingEdge/etc'
Using monoOptions --debugger-agent=transport=dt_socket,embedding=1,server=y,suspend=n,address=127.0.0.1:56872
Begin MonoManager ReloadAssembly
Registering precompiled unity dll's ...
Register platform support module: D:/Unity/2021.3.9f1/Editor/Data/PlaybackEngines/WindowsStandaloneSupport/UnityEditor.WindowsStandalone.Extensions.dll
Registered in 0.002727 seconds.
Native extension for WindowsStandalone target not found
Refreshing native plugins compatible for Editor in 106.40 ms, found 3 plugins.
Preloading 0 native plugins for Editor in 0.00 ms.
Mono: successfully reloaded assembly
- Completed reload, in  0.889 seconds
Domain Reload Profiling:
	ReloadAssembly (890ms)
		BeginReloadAssembly (113ms)
			ExecutionOrderSort (0ms)
			DisableScriptedObjects (0ms)
			BackupInstance (0ms)
			ReleaseScriptingObjects (0ms)
			CreateAndSetChildDomain (1ms)
		EndReloadAssembly (623ms)
			LoadAssemblies (113ms)
			RebuildTransferFunctionScriptingTraits (0ms)
			SetupTypeCache (190ms)
			ReleaseScriptCaches (0ms)
			RebuildScriptCaches (55ms)
			SetupLoadedEditorAssemblies (293ms)
				LogAssemblyErrors (0ms)
				InitializePlatformSupportModulesInManaged (10ms)
				SetLoadedEditorAssemblies (0ms)
				RefreshPlugins (106ms)
				BeforeProcessingInitializeOnLoad (1ms)
				ProcessInitializeOnLoadAttributes (132ms)
				ProcessInitializeOnLoadMethodAttributes (43ms)
				AfterProcessingInitializeOnLoad (0ms)
				EditorAssembliesLoaded (0ms)
			ExecutionOrderSort2 (0ms)
			AwakeInstancesAfterBackupRestoration (0ms)
Platform modules already initialized, skipping
Registering precompiled user dll's ...
Registered in 0.004608 seconds.
Begin MonoManager ReloadAssembly
Symbol file LoadedFromMemory doesn't match image D:\Github\CashierSim\CashierSim\Library\PackageCache\com.unity.visualscripting@1.7.8\Editor\VisualScripting.Core\Dependencies\YamlDotNet\Unity.VisualScripting.YamlDotNet.dll
Symbol file LoadedFromMemory doesn't match image D:\Github\CashierSim\CashierSim\Library\PackageCache\com.unity.visualscripting@1.7.8\Editor\VisualScripting.Core\Dependencies\DotNetZip\Unity.VisualScripting.IonicZip.dll
Native extension for WindowsStandalone target not found
Refreshing native plugins compatible for Editor in 0.52 ms, found 3 plugins.
Preloading 0 native plugins for Editor in 0.00 ms.
Mono: successfully reloaded assembly
- Completed reload, in  1.183 seconds
Domain Reload Profiling:
	ReloadAssembly (1185ms)
		BeginReloadAssembly (134ms)
			ExecutionOrderSort (0ms)
			DisableScriptedObjects (8ms)
			BackupInstance (0ms)
			ReleaseScriptingObjects (0ms)
			CreateAndSetChildDomain (26ms)
		EndReloadAssembly (937ms)
			LoadAssemblies (119ms)
			RebuildTransferFunctionScriptingTraits (0ms)
			SetupTypeCache (379ms)
			ReleaseScriptCaches (1ms)
			RebuildScriptCaches (56ms)
			SetupLoadedEditorAssemblies (354ms)
				LogAssemblyErrors (0ms)
				InitializePlatformSupportModulesInManaged (4ms)
				SetLoadedEditorAssemblies (1ms)
				RefreshPlugins (1ms)
				BeforeProcessingInitializeOnLoad (79ms)
				ProcessInitializeOnLoadAttributes (240ms)
				ProcessInitializeOnLoadMethodAttributes (28ms)
				AfterProcessingInitializeOnLoad (2ms)
				EditorAssembliesLoaded (0ms)
			ExecutionOrderSort2 (0ms)
			AwakeInstancesAfterBackupRestoration (6ms)
Platform modules already initialized, skipping
========================================================================
Worker process is ready to serve import requests
Launched and connected shader compiler UnityShaderCompiler.exe after 0.04 seconds
Refreshing native plugins compatible for Editor in 1.04 ms, found 3 plugins.
Preloading 0 native plugins for Editor in 0.00 ms.
Unloading 3397 Unused Serialized files (Serialized files now loaded: 0)
Unloading 27 unused Assets / (111.7 KB). Loaded Objects now: 3856.
Memory consumption went from 119.0 MB to 118.9 MB.
Total: 6.394200 ms (FindLiveObjects: 0.865200 ms CreateObjectMapping: 0.557600 ms MarkObjects: 4.787900 ms  DeleteObjects: 0.180800 ms)

AssetImportParameters requested are different than current active one (requested -> active):
  custom:video-decoder-ogg-theora: a1e56fd34408186e4bbccfd4996cb3dc -> 
  custom:container-muxer-webm: aa71ff27fc2769a1b78a27578f13a17b -> 
  custom:container-demuxer-webm: 4f35f7cbe854078d1ac9338744f61a02 -> 
  custom:video-encoder-webm-vp8: eb34c28f22e8b96e1ab97ce403110664 -> 
  custom:audio-encoder-webm-vorbis: bf7c407c2cedff20999df2af8eb42d56 -> 
  custom:framework-win-MediaFoundation: 216162199b28c13a410421893ffa2e32 -> 
  custom:container-demuxer-ogg: 62fdf1f143b41e24485cea50d1cbac27 -> 
  custom:video-decoder-webm-vp8: 9c59270c3fd7afecdb556c50c9e8de78 -> 
  custom:audio-decoder-ogg-vorbis: bf7c407c2cedff20999df2af8eb42d56 -> 
========================================================================
Received Import Request.
  Time since last request: 13882.536758 seconds.
  path: Assets/Core/Model/Caisse.fbx
  artifactKey: Guid(d4f793a1eef9c9d4c9ae25af6b648a34) Importer(815301076,1909f56bfc062723c751e8b465ee728b)
Start importing Assets/Core/Model/Caisse.fbx using Guid(d4f793a1eef9c9d4c9ae25af6b648a34) Importer(815301076,1909f56bfc062723c751e8b465ee728b)  -> (artifact id: '48b326055a50d826a6f57edc25721418') in 0.294999 seconds 
========================================================================
Received Import Request.
  Time since last request: 0.000045 seconds.
  path: Assets/Core/Model/Test_Customer.fbx
  artifactKey: Guid(5452dbacb0fcaca47967e6200675d406) Importer(815301076,1909f56bfc062723c751e8b465ee728b)
Start importing Assets/Core/Model/Test_Customer.fbx using Guid(5452dbacb0fcaca47967e6200675d406) Importer(815301076,1909f56bfc062723c751e8b465ee728b)  -> (artifact id: 'd7220cf0725266f4c9f702ecc3128a23') in 0.030797 seconds 
========================================================================
Received Import Request.
  Time since last request: 0.000039 seconds.
  path: Assets/Core/Model/modé client.fbx
  artifactKey: Guid(e4c4c9ed61880fc49abbf5eda73d138a) Importer(815301076,1909f56bfc062723c751e8b465ee728b)
Start importing Assets/Core/Model/modé client.fbx using Guid(e4c4c9ed61880fc49abbf5eda73d138a) Importer(815301076,1909f56bfc062723c751e8b465ee728b)  -> (artifact id: 'd6c5ca5f819737c80df3437194194880') in 0.465311 seconds 
========================================================================
Received Import Request.
  Time since last request: 86.718383 seconds.
  path: Assets/Core/Materials/BidonGDAmogus.mat
  artifactKey: Guid(cfe179ceac6215e4988a98babc48eba7) Importer(815301076,1909f56bfc062723c751e8b465ee728b)
Start importing Assets/Core/Materials/BidonGDAmogus.mat using Guid(cfe179ceac6215e4988a98babc48eba7) Importer(815301076,1909f56bfc062723c751e8b465ee728b)  -> (artifact id: '73c1e2dc468e30e2209b5b83e9bfc1ef') in 0.037095 seconds 
========================================================================
Received Import Request.
  Time since last request: 0.000028 seconds.
  path: Assets/Core/Materials/ClientCool.mat
  artifactKey: Guid(22ddb48c02a62f94c91fb4184ce35979) Importer(815301076,1909f56bfc062723c751e8b465ee728b)
Start importing Assets/Core/Materials/ClientCool.mat using Guid(22ddb48c02a62f94c91fb4184ce35979) Importer(815301076,1909f56bfc062723c751e8b465ee728b)  -> (artifact id: '295913262da78c43bdf8d8555684956b') in 0.026466 seconds 
========================================================================
Received Import Request.
  Time since last request: 0.000054 seconds.
  path: Assets/Core/Materials/Sucette.mat
  artifactKey: Guid(7c7ac0415d94d184cba11c8b9bbc470b) Importer(815301076,1909f56bfc062723c751e8b465ee728b)
Start importing Assets/Core/Materials/Sucette.mat using Guid(7c7ac0415d94d184cba11c8b9bbc470b) Importer(815301076,1909f56bfc062723c751e8b465ee728b)  -> (artifact id: 'f7fe18e74dbaa2be7e3fb7636cd377a6') in 0.028014 seconds 
========================================================================
Received Import Request.
  Time since last request: 0.000036 seconds.
  path: Assets/Core/Materials/ClientBlond.mat
  artifactKey: Guid(341c61ba347a44649a045d924b81e933) Importer(815301076,1909f56bfc062723c751e8b465ee728b)
Start importing Assets/Core/Materials/ClientBlond.mat using Guid(341c61ba347a44649a045d924b81e933) Importer(815301076,1909f56bfc062723c751e8b465ee728b)  -> (artifact id: 'f186e99e1dd6243a604d5503492dbe0f') in 0.024166 seconds 
========================================================================
Received Import Request.
  Time since last request: 0.000045 seconds.
  path: Assets/Core/Materials/RequinPeluce.mat
  artifactKey: Guid(1d07320520bb5a74684b15a00ee6fc72) Importer(815301076,1909f56bfc062723c751e8b465ee728b)
Start importing Assets/Core/Materials/RequinPeluce.mat using Guid(1d07320520bb5a74684b15a00ee6fc72) Importer(815301076,1909f56bfc062723c751e8b465ee728b)  -> (artifact id: 'a2757585baf6391921bebe66334fb70a') in 0.115828 seconds 
========================================================================
Received Import Request.
  Time since last request: 0.000046 seconds.
  path: Assets/Core/Materials/ClientLapin.mat
  artifactKey: Guid(5c6d8a8d21b42264680ed3d3e0db0fb1) Importer(815301076,1909f56bfc062723c751e8b465ee728b)
Start importing Assets/Core/Materials/ClientLapin.mat using Guid(5c6d8a8d21b42264680ed3d3e0db0fb1) Importer(815301076,1909f56bfc062723c751e8b465ee728b)  -> (artifact id: 'e1ff027ada40f110574633ac651f6ae1') in 0.029430 seconds 
Editor requested this worker to shutdown with reason: Scaling down because of idle timeout
AssetImportWorker is now disconnected from the server
Process exiting
Exiting without the bug reporter. Application will terminate with return code 0